<?xml version="1.0" encoding="UTF-8"?>
<!-- Generated by org.testng.reporters.JUnitReportReporter -->
<testsuite skipped="0" hostname="DESKTOP-7LHMF79" name="test.CheckBoxTest$assertions" tests="1" failures="0" timestamp="22 Jul 2020 18:36:46 GMT" time="0.029" errors="0">
  <testcase name="testOne" time="0.029" classname="test.CheckBoxTest$assertions"/>
</testsuite> <!-- test.CheckBoxTest$assertions -->
