<?xml version="1.0" encoding="UTF-8"?>
<!-- Generated by org.testng.reporters.JUnitReportReporter -->
<testsuite skipped="0" hostname="DESKTOP-7LHMF79" name="test.AllCheckBoxRemoveTest" tests="1" failures="0" timestamp="15 Jul 2020 16:53:15 GMT" time="4.232" errors="0">
  <testcase name="UserShouldBeAbleToRemoveAllCheckBoxItem" time="4.232" classname="test.AllCheckBoxRemoveTest"/>
</testsuite> <!-- test.AllCheckBoxRemoveTest -->
