<?xml version="1.0" encoding="UTF-8"?>
<!-- Generated by org.testng.reporters.JUnitReportReporter -->
<testsuite skipped="0" hostname="DESKTOP-7LHMF79" name="test.AddcategoryTest" tests="1" failures="0" timestamp="22 Jul 2020 03:38:55 GMT" time="4.933" errors="0">
  <testcase name="userShouldBeAbleAdddata" time="4.933" classname="test.AddcategoryTest"/>
</testsuite> <!-- test.AddcategoryTest -->
