<?xml version="1.0" encoding="UTF-8"?>
<!-- Generated by org.testng.reporters.JUnitReportReporter -->
<testsuite skipped="0" hostname="DESKTOP-7LHMF79" name="test.DropDownTest" tests="1" failures="0" timestamp="16 Jul 2020 20:16:55 GMT" time="4.566" errors="0">
  <testcase name="UserShouldBeAbleToCheckDropDownBox" time="4.566" classname="test.DropDownTest"/>
</testsuite> <!-- test.DropDownTest -->
