<?xml version="1.0" encoding="UTF-8"?>
<!-- Generated by org.testng.reporters.JUnitReportReporter -->
<testsuite skipped="0" hostname="DESKTOP-7LHMF79" name="test.DuplicateCategoryTest" tests="1" failures="0" timestamp="17 Jul 2020 19:21:20 GMT" time="5.978" errors="0">
  <testcase name="userShouldBeAbleAdddata" time="5.978" classname="test.DuplicateCategoryTest"/>
</testsuite> <!-- test.DuplicateCategoryTest -->
