<?xml version="1.0" encoding="UTF-8"?>
<!-- Generated by org.testng.reporters.JUnitReportReporter -->
<testsuite skipped="0" hostname="DESKTOP-7LHMF79" name="test.AllCheckBoxTest" tests="1" failures="0" timestamp="22 Jul 2020 03:40:21 GMT" time="3.972" errors="0">
  <testcase name="UserShouldBeAbleToCheckAllCheckBox" time="3.972" classname="test.AllCheckBoxTest"/>
</testsuite> <!-- test.AllCheckBoxTest -->
