<?xml version="1.0" encoding="UTF-8"?>
<!-- Generated by org.testng.reporters.JUnitReportReporter -->
<testsuite skipped="0" hostname="DESKTOP-7LHMF79" name="test.BackgroundSkyBlueTest$assertions" tests="1" failures="0" timestamp="22 Jul 2020 18:30:34 GMT" time="0.013" errors="0">
  <testcase name="testOne" time="0.013" classname="test.BackgroundSkyBlueTest$assertions"/>
</testsuite> <!-- test.BackgroundSkyBlueTest$assertions -->
