<?xml version="1.0" encoding="UTF-8"?>
<!-- Generated by org.testng.reporters.JUnitReportReporter -->
<testsuite skipped="0" hostname="DESKTOP-7LHMF79" name="test.BackgroundWhiteTest" tests="1" failures="0" timestamp="16 Jul 2020 21:11:10 GMT" time="3.877" errors="0">
  <testcase name="UserShouldBeAbleToCheckChangeBackground" time="3.877" classname="test.BackgroundWhiteTest"/>
</testsuite> <!-- test.BackgroundWhiteTest -->
